<?xml version="1.0" encoding="UTF-8"?>
<coverage generated="1779123967734" clover="3.2.0">
  <project timestamp="1779123967734" name="All files">
    <metrics statements="24" coveredstatements="12" conditionals="12" coveredconditionals="11" methods="6" coveredmethods="1" elements="42" coveredelements="24" complexity="0" loc="24" ncloc="24" packages="1" files="1" classes="1"/>
    <file name="app.js" path="/home/veronika/mywebapp/app.js">
      <metrics statements="24" coveredstatements="12" conditionals="12" coveredconditionals="11" methods="6" coveredmethods="1"/>
      <line num="1" count="1" type="stmt"/>
      <line num="2" count="1" type="stmt"/>
      <line num="4" count="1" type="stmt"/>
      <line num="5" count="1" type="stmt"/>
      <line num="7" count="1" type="stmt"/>
      <line num="16" count="1" type="stmt"/>
      <line num="18" count="1" type="stmt"/>
      <line num="19" count="0" type="stmt"/>
      <line num="20" count="0" type="stmt"/>
      <line num="21" count="0" type="stmt"/>
      <line num="23" count="0" type="stmt"/>
      <line num="28" count="1" type="stmt"/>
      <line num="29" count="0" type="stmt"/>
      <line num="30" count="0" type="stmt"/>
      <line num="33" count="1" type="stmt"/>
      <line num="34" count="0" type="stmt"/>
      <line num="35" count="0" type="stmt"/>
      <line num="39" count="0" type="stmt"/>
      <line num="42" count="1" type="stmt"/>
      <line num="43" count="0" type="stmt"/>
      <line num="47" count="0" type="stmt"/>
      <line num="50" count="1" type="cond" truecount="1" falsecount="1"/>
      <line num="51" count="0" type="stmt"/>
      <line num="54" count="1" type="stmt"/>
    </file>
  </project>
</coverage>
